# JRE version: OpenJDK Runtime Environment Temurin-21.0.8+9 (21.0.8+9) (build 21.0.8+9-LTS)
# Java VM: OpenJDK 64-Bit Server VM Temurin-21.0.8+9 (21.0.8+9-LTS, mixed mode, sharing, tiered, compressed oops, compressed class ptrs, parallel gc, windows-amd64)
GC Precious Log:
 CardTable entry size: 512
 CPUs: 12 total, 12 available
 Memory: 16205M
 Large Page Support: Disabled
 NUMA Support: Disabled
 Compressed Oops: Enabled (32-bit)
 Alignments: Space 512K, Generation 512K, Heap 2M
 Heap Min Capacity: 100M
 Heap Initial Capacity: 100M
 Heap Max Capacity: 2G
 Pre-touch: Disabled
 Parallel Workers: 10
Heap:
 PSYoungGen      total 7680K, used 2483K [0x00000000d5580000, 0x00000000d6280000, 0x0000000100000000)
  eden space 7168K, 30% used [0x00000000d5580000,0x00000000d579cfd0,0x00000000d5c80000)
  from space 512K, 62% used [0x00000000d6200000,0x00000000d6250000,0x00000000d6280000)
  to   space 512K, 0% used [0x00000000d6180000,0x00000000d6180000,0x00000000d6200000)
 ParOldGen       total 133632K, used 78796K [0x0000000080000000, 0x0000000088280000, 0x00000000d5580000)
  object space 133632K, 58% used [0x0000000080000000,0x0000000084cf3388,0x0000000088280000)
 Metaspace       used 61583K, committed 62976K, reserved 1114112K
  class space    used 6530K, committed 7168K, reserved 1048576K
GC Heap History (20 events):
Event: 1363.296 GC heap before
{Heap before GC invocations=54 (full 3):
 PSYoungGen      total 7680K, used 7673K [0x00000000d5580000, 0x00000000d6280000, 0x0000000100000000)
  eden space 7168K, 100% used [0x00000000d5580000,0x00000000d5c80000,0x00000000d5c80000)
  from space 512K, 98% used [0x00000000d6200000,0x00000000d627e4b0,0x00000000d6280000)
  to   space 1024K, 0% used [0x00000000d6080000,0x00000000d6080000,0x00000000d6180000)
 ParOldGen       total 133632K, used 77285K [0x0000000080000000, 0x0000000088280000, 0x00000000d5580000)
  object space 133632K, 57% used [0x0000000080000000,0x0000000084b79428,0x0000000088280000)
 Metaspace       used 59775K, committed 61120K, reserved 1114112K
  class space    used 6423K, committed 6976K, reserved 1048576K
}
Event: 1363.297 GC heap after
{Heap after GC invocations=54 (full 3):
 PSYoungGen      total 8192K, used 288K [0x00000000d5580000, 0x00000000d6280000, 0x0000000100000000)
  eden space 7168K, 0% used [0x00000000d5580000,0x00000000d5580000,0x00000000d5c80000)
  from space 1024K, 28% used [0x00000000d6080000,0x00000000d60c8000,0x00000000d6180000)
  to   space 512K, 0% used [0x00000000d6200000,0x00000000d6200000,0x00000000d6280000)
 ParOldGen       total 133632K, used 77708K [0x0000000080000000, 0x0000000088280000, 0x00000000d5580000)
  object space 133632K, 58% used [0x0000000080000000,0x0000000084be3328,0x0000000088280000)
 Metaspace       used 59775K, committed 61120K, reserved 1114112K
  class space    used 6423K, committed 6976K, reserved 1048576K
}
Event: 1365.255 GC heap before
{Heap before GC invocations=55 (full 3):
 PSYoungGen      total 8192K, used 7456K [0x00000000d5580000, 0x00000000d6280000, 0x0000000100000000)
  eden space 7168K, 100% used [0x00000000d5580000,0x00000000d5c80000,0x00000000d5c80000)
  from space 1024K, 28% used [0x00000000d6080000,0x00000000d60c8000,0x00000000d6180000)
  to   space 512K, 0% used [0x00000000d6200000,0x00000000d6200000,0x00000000d6280000)
 ParOldGen       total 133632K, used 77708K [0x0000000080000000, 0x0000000088280000, 0x00000000d5580000)
  object space 133632K, 58% used [0x0000000080000000,0x0000000084be3328,0x0000000088280000)
 Metaspace       used 60582K, committed 61952K, reserved 1114112K
  class space    used 6502K, committed 7040K, reserved 1048576K
}
Event: 1365.257 GC heap after
{Heap after GC invocations=55 (full 3):
 PSYoungGen      total 7680K, used 480K [0x00000000d5580000, 0x00000000d6280000, 0x0000000100000000)
  eden space 7168K, 0% used [0x00000000d5580000,0x00000000d5580000,0x00000000d5c80000)
  from space 512K, 93% used [0x00000000d6200000,0x00000000d6278020,0x00000000d6280000)
  to   space 1024K, 0% used [0x00000000d6080000,0x00000000d6080000,0x00000000d6180000)
 ParOldGen       total 133632K, used 77836K [0x0000000080000000, 0x0000000088280000, 0x00000000d5580000)
  object space 133632K, 58% used [0x0000000080000000,0x0000000084c03328,0x0000000088280000)
 Metaspace       used 60582K, committed 61952K, reserved 1114112K
  class space    used 6502K, committed 7040K, reserved 1048576K
}
Event: 1373.513 GC heap before
{Heap before GC invocations=56 (full 3):
 PSYoungGen      total 7680K, used 7648K [0x00000000d5580000, 0x00000000d6280000, 0x0000000100000000)
  eden space 7168K, 99% used [0x00000000d5580000,0x00000000d5c7fff8,0x00000000d5c80000)
  from space 512K, 93% used [0x00000000d6200000,0x00000000d6278020,0x00000000d6280000)
  to   space 1024K, 0% used [0x00000000d6080000,0x00000000d6080000,0x00000000d6180000)
 ParOldGen       total 133632K, used 77836K [0x0000000080000000, 0x0000000088280000, 0x00000000d5580000)
  object space 133632K, 58% used [0x0000000080000000,0x0000000084c03328,0x0000000088280000)
 Metaspace       used 60727K, committed 62016K, reserved 1114112K
  class space    used 6502K, committed 7040K, reserved 1048576K
}
Event: 1373.514 GC heap after
{Heap after GC invocations=56 (full 3):
 PSYoungGen      total 8192K, used 336K [0x00000000d5580000, 0x00000000d6280000, 0x0000000100000000)
  eden space 7168K, 0% used [0x00000000d5580000,0x00000000d5580000,0x00000000d5c80000)
  from space 1024K, 32% used [0x00000000d6080000,0x00000000d60d4010,0x00000000d6180000)
  to   space 512K, 0% used [0x00000000d6200000,0x00000000d6200000,0x00000000d6280000)
 ParOldGen       total 133632K, used 78180K [0x0000000080000000, 0x0000000088280000, 0x00000000d5580000)
  object space 133632K, 58% used [0x0000000080000000,0x0000000084c59358,0x0000000088280000)
 Metaspace       used 60727K, committed 62016K, reserved 1114112K
  class space    used 6502K, committed 7040K, reserved 1048576K
}
Event: 1457.820 GC heap before
{Heap before GC invocations=57 (full 3):
 PSYoungGen      total 8192K, used 7504K [0x00000000d5580000, 0x00000000d6280000, 0x0000000100000000)
  eden space 7168K, 100% used [0x00000000d5580000,0x00000000d5c80000,0x00000000d5c80000)
  from space 1024K, 32% used [0x00000000d6080000,0x00000000d60d4010,0x00000000d6180000)
  to   space 512K, 0% used [0x00000000d6200000,0x00000000d6200000,0x00000000d6280000)
 ParOldGen       total 133632K, used 78180K [0x0000000080000000, 0x0000000088280000, 0x00000000d5580000)
  object space 133632K, 58% used [0x0000000080000000,0x0000000084c59358,0x0000000088280000)
 Metaspace       used 60821K, committed 62080K, reserved 1114112K
  class space    used 6502K, committed 7040K, reserved 1048576K
}
Event: 1457.821 GC heap after
{Heap after GC invocations=57 (full 3):
 PSYoungGen      total 7680K, used 320K [0x00000000d5580000, 0x00000000d6280000, 0x0000000100000000)
  eden space 7168K, 0% used [0x00000000d5580000,0x00000000d5580000,0x00000000d5c80000)
  from space 512K, 62% used [0x00000000d6200000,0x00000000d6250000,0x00000000d6280000)
  to   space 512K, 0% used [0x00000000d6180000,0x00000000d6180000,0x00000000d6200000)
 ParOldGen       total 133632K, used 78252K [0x0000000080000000, 0x0000000088280000, 0x00000000d5580000)
  object space 133632K, 58% used [0x0000000080000000,0x0000000084c6b358,0x0000000088280000)
 Metaspace       used 60821K, committed 62080K, reserved 1114112K
  class space    used 6502K, committed 7040K, reserved 1048576K
}
Event: 3064.200 GC heap before
{Heap before GC invocations=58 (full 3):
 PSYoungGen      total 7680K, used 7488K [0x00000000d5580000, 0x00000000d6280000, 0x0000000100000000)
  eden space 7168K, 100% used [0x00000000d5580000,0x00000000d5c80000,0x00000000d5c80000)
  from space 512K, 62% used [0x00000000d6200000,0x00000000d6250000,0x00000000d6280000)
  to   space 512K, 0% used [0x00000000d6180000,0x00000000d6180000,0x00000000d6200000)
 ParOldGen       total 133632K, used 78252K [0x0000000080000000, 0x0000000088280000, 0x00000000d5580000)
  object space 133632K, 58% used [0x0000000080000000,0x0000000084c6b358,0x0000000088280000)
 Metaspace       used 61143K, committed 62528K, reserved 1114112K
  class space    used 6528K, committed 7168K, reserved 1048576K
}
Event: 3064.201 GC heap after
{Heap after GC invocations=58 (full 3):
 PSYoungGen      total 7680K, used 320K [0x00000000d5580000, 0x00000000d6280000, 0x0000000100000000)
  eden space 7168K, 0% used [0x00000000d5580000,0x00000000d5580000,0x00000000d5c80000)
  from space 512K, 62% used [0x00000000d6180000,0x00000000d61d0000,0x00000000d6200000)
  to   space 512K, 0% used [0x00000000d6200000,0x00000000d6200000,0x00000000d6280000)
 ParOldGen       total 133632K, used 78316K [0x0000000080000000, 0x0000000088280000, 0x00000000d5580000)
  object space 133632K, 58% used [0x0000000080000000,0x0000000084c7b358,0x0000000088280000)
 Metaspace       used 61143K, committed 62528K, reserved 1114112K
  class space    used 6528K, committed 7168K, reserved 1048576K
}
Event: 7040.956 GC heap before
{Heap before GC invocations=59 (full 3):
 PSYoungGen      total 7680K, used 7488K [0x00000000d5580000, 0x00000000d6280000, 0x0000000100000000)
  eden space 7168K, 100% used [0x00000000d5580000,0x00000000d5c80000,0x00000000d5c80000)
  from space 512K, 62% used [0x00000000d6180000,0x00000000d61d0000,0x00000000d6200000)
  to   space 512K, 0% used [0x00000000d6200000,0x00000000d6200000,0x00000000d6280000)
 ParOldGen       total 133632K, used 78316K [0x0000000080000000, 0x0000000088280000, 0x00000000d5580000)
  object space 133632K, 58% used [0x0000000080000000,0x0000000084c7b358,0x0000000088280000)
 Metaspace       used 61250K, committed 62656K, reserved 1114112K
  class space    used 6529K, committed 7168K, reserved 1048576K
}
Event: 7040.960 GC heap after
{Heap after GC invocations=59 (full 3):
 PSYoungGen      total 7680K, used 320K [0x00000000d5580000, 0x00000000d6280000, 0x0000000100000000)
  eden space 7168K, 0% used [0x00000000d5580000,0x00000000d5580000,0x00000000d5c80000)
  from space 512K, 62% used [0x00000000d6200000,0x00000000d6250000,0x00000000d6280000)
  to   space 512K, 0% used [0x00000000d6180000,0x00000000d6180000,0x00000000d6200000)
 ParOldGen       total 133632K, used 78420K [0x0000000080000000, 0x0000000088280000, 0x00000000d5580000)
  object space 133632K, 58% used [0x0000000080000000,0x0000000084c95358,0x0000000088280000)
 Metaspace       used 61250K, committed 62656K, reserved 1114112K
  class space    used 6529K, committed 7168K, reserved 1048576K
}
Event: 8140.684 GC heap before
{Heap before GC invocations=60 (full 3):
 PSYoungGen      total 7680K, used 7487K [0x00000000d5580000, 0x00000000d6280000, 0x0000000100000000)
  eden space 7168K, 99% used [0x00000000d5580000,0x00000000d5c7fff8,0x00000000d5c80000)
  from space 512K, 62% used [0x00000000d6200000,0x00000000d6250000,0x00000000d6280000)
  to   space 512K, 0% used [0x00000000d6180000,0x00000000d6180000,0x00000000d6200000)
 ParOldGen       total 133632K, used 78420K [0x0000000080000000, 0x0000000088280000, 0x00000000d5580000)
  object space 133632K, 58% used [0x0000000080000000,0x0000000084c95358,0x0000000088280000)
 Metaspace       used 61324K, committed 62784K, reserved 1114112K
  class space    used 6529K, committed 7168K, reserved 1048576K
}
Event: 8140.685 GC heap after
{Heap after GC invocations=60 (full 3):
 PSYoungGen      total 7680K, used 256K [0x00000000d5580000, 0x00000000d6280000, 0x0000000100000000)
  eden space 7168K, 0% used [0x00000000d5580000,0x00000000d5580000,0x00000000d5c80000)
  from space 512K, 50% used [0x00000000d6180000,0x00000000d61c0000,0x00000000d6200000)
  to   space 512K, 0% used [0x00000000d6200000,0x00000000d6200000,0x00000000d6280000)
 ParOldGen       total 133632K, used 78484K [0x0000000080000000, 0x0000000088280000, 0x00000000d5580000)
  object space 133632K, 58% used [0x0000000080000000,0x0000000084ca5358,0x0000000088280000)
 Metaspace       used 61324K, committed 62784K, reserved 1114112K
  class space    used 6529K, committed 7168K, reserved 1048576K
}
Event: 8931.960 GC heap before
{Heap before GC invocations=61 (full 3):
 PSYoungGen      total 7680K, used 7424K [0x00000000d5580000, 0x00000000d6280000, 0x0000000100000000)
  eden space 7168K, 100% used [0x00000000d5580000,0x00000000d5c80000,0x00000000d5c80000)
  from space 512K, 50% used [0x00000000d6180000,0x00000000d61c0000,0x00000000d6200000)
  to   space 512K, 0% used [0x00000000d6200000,0x00000000d6200000,0x00000000d6280000)
 ParOldGen       total 133632K, used 78484K [0x0000000080000000, 0x0000000088280000, 0x00000000d5580000)
  object space 133632K, 58% used [0x0000000080000000,0x0000000084ca5358,0x0000000088280000)
 Metaspace       used 61432K, committed 62848K, reserved 1114112K
  class space    used 6530K, committed 7168K, reserved 1048576K
}
Event: 8931.961 GC heap after
{Heap after GC invocations=61 (full 3):
 PSYoungGen      total 7680K, used 320K [0x00000000d5580000, 0x00000000d6280000, 0x0000000100000000)
  eden space 7168K, 0% used [0x00000000d5580000,0x00000000d5580000,0x00000000d5c80000)
  from space 512K, 62% used [0x00000000d6200000,0x00000000d6250000,0x00000000d6280000)
  to   space 512K, 0% used [0x00000000d6180000,0x00000000d6180000,0x00000000d6200000)
 ParOldGen       total 133632K, used 78548K [0x0000000080000000, 0x0000000088280000, 0x00000000d5580000)
  object space 133632K, 58% used [0x0000000080000000,0x0000000084cb5358,0x0000000088280000)
 Metaspace       used 61432K, committed 62848K, reserved 1114112K
  class space    used 6530K, committed 7168K, reserved 1048576K
}
Event: 9733.401 GC heap before
{Heap before GC invocations=62 (full 3):
 PSYoungGen      total 7680K, used 7480K [0x00000000d5580000, 0x00000000d6280000, 0x0000000100000000)
  eden space 7168K, 99% used [0x00000000d5580000,0x00000000d5c7e128,0x00000000d5c80000)
  from space 512K, 62% used [0x00000000d6200000,0x00000000d6250000,0x00000000d6280000)
  to   space 512K, 0% used [0x00000000d6180000,0x00000000d6180000,0x00000000d6200000)
 ParOldGen       total 133632K, used 78548K [0x0000000080000000, 0x0000000088280000, 0x00000000d5580000)
  object space 133632K, 58% used [0x0000000080000000,0x0000000084cb5358,0x0000000088280000)
 Metaspace       used 61494K, committed 62912K, reserved 1114112K
  class space    used 6530K, committed 7168K, reserved 1048576K
}
Event: 9733.402 GC heap after
{Heap after GC invocations=62 (full 3):
 PSYoungGen      total 7680K, used 416K [0x00000000d5580000, 0x00000000d6280000, 0x0000000100000000)
  eden space 7168K, 0% used [0x00000000d5580000,0x00000000d5580000,0x00000000d5c80000)
  from space 512K, 81% used [0x00000000d6180000,0x00000000d61e8020,0x00000000d6200000)
  to   space 512K, 0% used [0x00000000d6200000,0x00000000d6200000,0x00000000d6280000)
 ParOldGen       total 133632K, used 78628K [0x0000000080000000, 0x0000000088280000, 0x00000000d5580000)
  object space 133632K, 58% used [0x0000000080000000,0x0000000084cc9358,0x0000000088280000)
 Metaspace       used 61494K, committed 62912K, reserved 1114112K
  class space    used 6530K, committed 7168K, reserved 1048576K
}
Event: 13855.096 GC heap before
{Heap before GC invocations=63 (full 3):
 PSYoungGen      total 7680K, used 7570K [0x00000000d5580000, 0x00000000d6280000, 0x0000000100000000)
  eden space 7168K, 99% used [0x00000000d5580000,0x00000000d5c7c888,0x00000000d5c80000)
  from space 512K, 81% used [0x00000000d6180000,0x00000000d61e8020,0x00000000d6200000)
  to   space 512K, 0% used [0x00000000d6200000,0x00000000d6200000,0x00000000d6280000)
 ParOldGen       total 133632K, used 78628K [0x0000000080000000, 0x0000000088280000, 0x00000000d5580000)
  object space 133632K, 58% used [0x0000000080000000,0x0000000084cc9358,0x0000000088280000)
 Metaspace       used 61561K, committed 62976K, reserved 1114112K
  class space    used 6530K, committed 7168K, reserved 1048576K
}
Event: 13855.100 GC heap after
{Heap after GC invocations=63 (full 3):
 PSYoungGen      total 7680K, used 320K [0x00000000d5580000, 0x00000000d6280000, 0x0000000100000000)
  eden space 7168K, 0% used [0x00000000d5580000,0x00000000d5580000,0x00000000d5c80000)
  from space 512K, 62% used [0x00000000d6200000,0x00000000d6250000,0x00000000d6280000)
  to   space 512K, 0% used [0x00000000d6180000,0x00000000d6180000,0x00000000d6200000)
 ParOldGen       total 133632K, used 78796K [0x0000000080000000, 0x0000000088280000, 0x00000000d5580000)
  object space 133632K, 58% used [0x0000000080000000,0x0000000084cf3388,0x0000000088280000)
 Metaspace       used 61561K, committed 62976K, reserved 1114112K
  class space    used 6530K, committed 7168K, reserved 1048576K
}

